<?xml version="1.0" encoding="UTF-8"?>
<testsuite name="MyTests" tests="2" skipped="0" failures="0" errors="0" timestamp="2022-05-06T18:44:10" hostname="Ponzi" time="0.005">
  <properties/>
  <testcase name="CheckValuesTest" classname="MyTests" time="0.004"/>
  <testcase name="ReservationDetailsTest" classname="MyTests" time="0.0"/>
  <system-out><![CDATA[]]></system-out>
  <system-err><![CDATA[]]></system-err>
</testsuite>
